<?xml version="1.0" encoding="UTF-8"?>
<testng-results ignored="0" total="1" passed="1" failed="0" skipped="0">
  <reporter-output>
  </reporter-output>
  <suite started-at="2024-09-24T20:17:34 IST" name="Default suite" finished-at="2024-09-24T20:18:44 IST" duration-ms="70507">
    <groups>
    </groups>
    <test started-at="2024-09-24T20:17:34 IST" name="Default test" finished-at="2024-09-24T20:18:44 IST" duration-ms="70507">
      <class name="Tests.PoModel">
        <test-method is-config="true" signature="launchApplication()[pri:0, instance:Tests.PoModel@229c6181]" started-at="2024-09-24T20:17:34 IST" name="launchApplication" finished-at="2024-09-24T20:17:43 IST" duration-ms="9109" status="PASS">
          <reporter-output>
          </reporter-output>
        </test-method> <!-- launchApplication -->
        <test-method signature="test()[pri:0, instance:Tests.PoModel@229c6181]" started-at="2024-09-24T20:17:43 IST" name="test" finished-at="2024-09-24T20:18:44 IST" duration-ms="60808" status="PASS">
          <reporter-output>
          </reporter-output>
        </test-method> <!-- test -->
        <test-method is-config="true" signature="closeApplication()[pri:0, instance:Tests.PoModel@229c6181]" started-at="2024-09-24T20:18:44 IST" name="closeApplication" finished-at="2024-09-24T20:18:44 IST" duration-ms="559" status="PASS">
          <reporter-output>
          </reporter-output>
        </test-method> <!-- closeApplication -->
      </class> <!-- Tests.PoModel -->
    </test> <!-- Default test -->
  </suite> <!-- Default suite -->
</testng-results>
